<?xml version="1.0" encoding="UTF-8"?>
<!-- Generated by org.testng.reporters.JUnitXMLReporter -->
<testsuite hostname="Pooja" ignored="0" name="OrangeHRM Test" tests="4" failures="0" timestamp="2021-09-18T10:13:09 IST" time="55.141" errors="0">
  <testcase name="loginTest" time="7.828" classname="com.orangehrm.testcases.TC_LoginTest_001"/>
  <testcase name="loginDDT" time="17.847" classname="com.orangehrm.testcases.TC_LoginDDT_002"/>
  <testcase name="loginDDT" time="1.534" classname="com.orangehrm.testcases.TC_LoginDDT_002"/>
  <testcase name="applyingLeave" time="10.764" classname="com.orangehrm.testcases.TC_ApplyLeave_003"/>
</testsuite> <!-- OrangeHRM Test -->
