<?xml version="1.0" encoding="UTF-8"?>
<testng-results skipped="0" failed="0" ignored="0" total="1" passed="1">
  <reporter-output>
  </reporter-output>
  <suite name="OrangeHRMDemo" duration-ms="26530" started-at="2021-09-11T10:38:54 IST" finished-at="2021-09-11T10:39:20 IST">
    <groups>
    </groups>
    <test name="OrangeHRM Test" duration-ms="26530" started-at="2021-09-11T10:38:54 IST" finished-at="2021-09-11T10:39:20 IST">
      <class name="com.orangehrm.testcases.TC_LoginTest_001">
        <test-method status="PASS" signature="setup()[pri:0, instance:com.orangehrm.testcases.TC_LoginTest_001@86be70a]" name="setup" is-config="true" duration-ms="15021" started-at="2021-09-11T10:38:54 IST" finished-at="2021-09-11T10:39:09 IST">
          <reporter-output>
          </reporter-output>
        </test-method> <!-- setup -->
        <test-method status="PASS" signature="loginTest()[pri:0, instance:com.orangehrm.testcases.TC_LoginTest_001@86be70a]" name="loginTest" duration-ms="9971" started-at="2021-09-11T10:39:09 IST" finished-at="2021-09-11T10:39:19 IST">
          <reporter-output>
          </reporter-output>
        </test-method> <!-- loginTest -->
        <test-method status="PASS" signature="tearDown()[pri:0, instance:com.orangehrm.testcases.TC_LoginTest_001@86be70a]" name="tearDown" is-config="true" duration-ms="1156" started-at="2021-09-11T10:39:19 IST" finished-at="2021-09-11T10:39:20 IST">
          <reporter-output>
          </reporter-output>
        </test-method> <!-- tearDown -->
      </class> <!-- com.orangehrm.testcases.TC_LoginTest_001 -->
    </test> <!-- OrangeHRM Test -->
  </suite> <!-- OrangeHRMDemo -->
</testng-results>
